#
# A fatal error has been detected by the Java Runtime Environment:
#
#  EXCEPTION_ACCESS_VIOLATION (0xc0000005) at pc=0x0000000078a77453, pid=4936, tid=3220
#
# JRE version: 6.0_17-b04
# Java VM: Java HotSpot(TM) 64-Bit Server VM (14.3-b01 mixed mode windows-amd64 )
# Problematic frame:
# V  [jvm.dll+0x207453]
#
# If you would like to submit a bug report, please visit:
#   http://java.sun.com/webapps/bugreport/crash.jsp
#

---------------  T H R E A D  ---------------

Current thread (0x000000006053c800):  JavaThread "Main message loop" daemon [_thread_in_vm, id=3220, stack(0x00000001277d0000,0x000000012b7d0000)]

siginfo: ExceptionCode=0xc0000005, reading address 0x000000001c3af700

Registers:
EAX=0x0000000000000000, EBX=0x000000006053c800, ECX=0x0000000000000c80, EDX=0x000000001c3af700
ESP=0x000000012b7b7e10, EBP=0x00000000fdf8f750, ESI=0x000000006053c9b8, EDI=0x000000001c3af700
EIP=0x0000000078a77453, EFLAGS=0x0000000000010246

Top of Stack: (sp=0x000000012b7b7e10)
0x000000012b7b7e10:   000000012b7b7f10 000000012b7b7f40
0x000000012b7b7e20:   000000006053c800 0000000078a88418
0x000000012b7b7e30:   000000006053c800 0000000000000000
0x000000012b7b7e40:   000000011da7a058 000000006053c800
0x000000012b7b7e50:   000000011da7a058 000000006c15140d
0x000000012b7b7e60:   000000001c3af700 00000000fdf8f750
0x000000012b7b7e70:   0000000000000000 000000012b7b7e60
0x000000012b7b7e80:   000000011da7a058 0000000078aaeeaf
0x000000012b7b7e90:   000000012b7b8200 000000006053c800
0x000000012b7b7ea0:   000000012b7b7f38 000000001f235ac2
0x000000012b7b7eb0:   0000000022849020 000000007a074d0e
0x000000012b7b7ec0:   0000000022849020 000000012b7b7f10
0x000000012b7b7ed0:   0000000000000002 00000000224ed9d0
0x000000012b7b7ee0:   0000000033ead010 000000001f33fadb
0x000000012b7b7ef0:   0000000033eac770 000000012b7b7ef8
0x000000012b7b7f00:   0000000022b346d6 000000012b7b7f78 

Instructions: (pc=0x0000000078a77453)
0x0000000078a77443:   8d 4c 24 20 e8 84 5a 1b 00 80 3d 45 4e 3d 00 00
0x0000000078a77453:   48 8b 07 74 10 8b 48 08 48 8b 05 76 0a 3f 00 48 


Stack: [0x00000001277d0000,0x000000012b7d0000],  sp=0x000000012b7b7e10,  free space=65439k
Native frames: (J=compiled Java code, j=interpreted, Vv=VM code, C=native code)
V  [jvm.dll+0x207453]

Java frames: (J=compiled Java code, j=interpreted, Vv=VM code)
j  com.jniwrapper.Function.invokeVirtualFunc(JIB[BII[II)I+0
J  com.jniwrapper.FunctionCall.a(ZJJJIBLcom/jniwrapper/Parameter;[Lcom/jniwrapper/Parameter;)J
j  com.jniwrapper.FunctionCall.callVirtual(JIBLcom/jniwrapper/Parameter;[Lcom/jniwrapper/Parameter;)J+11
j  com.jniwrapper.win32.com.impl.IUnknownImpl.invokeVirtualMethod(IBLcom/jniwrapper/Parameter;[Lcom/jniwrapper/Parameter;)V+98
j  com.jniwrapper.win32.com.impl.IUnknownImpl.invokeStandardVirtualMethod(IB[Lcom/jniwrapper/Parameter;Z)Lcom/jniwrapper/win32/HResult;+8
j  com.jniwrapper.win32.com.impl.IUnknownImpl.invokeStandardVirtualMethod(IB[Lcom/jniwrapper/Parameter;)Lcom/jniwrapper/win32/HResult;+5
j  com.jniwrapper.win32.shdocvw.impl.IWebBrowser2Impl.navigate2(Lcom/jniwrapper/win32/automation/types/Variant;Lcom/jniwrapper/win32/automation/types/Variant;Lcom/jniwrapper/win32/automation/types/Variant;Lcom/jniwrapper/win32/automation/types/Variant;Lcom/jniwrapper/win32/automation/types/Variant;)V+117
j  com.jniwrapper.win32.ie.bh.execute(Lcom/jniwrapper/win32/shdocvw/IWebBrowser2;)V+41
j  com.jniwrapper.win32.ie.p.run()V+11
j  com.jniwrapper.win32.MessageLoopThread$ThreadSynchronizedAction.run()V+4
j  com.jniwrapper.win32.MessageLoopThread$LoopThread.run()V+415
v  ~StubRoutines::call_stub

---------------  P R O C E S S  ---------------

Java Threads: ( => current thread )
=>0x000000006053c800 JavaThread "Main message loop" daemon [_thread_in_vm, id=3220, stack(0x00000001277d0000,0x000000012b7d0000)]
  0x000000006053f800 JavaThread "Browser Thread" daemon [_thread_blocked, id=5656, stack(0x00000001128c0000,0x00000001168c0000)]
  0x0000000060540000 JavaThread "Inactive RequestProcessor thread [Was:TimedSoftReference/org.openide.util.TimedSoftReference]" daemon [_thread_blocked, id=5420, stack(0x0000000144030000,0x0000000148030000)]
  0x000000006053e800 JavaThread "Foxtrot Single Worker Thread #1" daemon [_thread_blocked, id=4060, stack(0x000000013b7d0000,0x000000013f7d0000)]
  0x000000006053e000 JavaThread "pool-7-thread-1" [_thread_blocked, id=4420, stack(0x00000001377d0000,0x000000013b7d0000)]
  0x000000005fcd3000 JavaThread "Prefs Updater" daemon [_thread_blocked, id=5568, stack(0x000000012b7d0000,0x000000012f7d0000)]
  0x000000005fcd8800 JavaThread "Thread-318" [_thread_blocked, id=5052, stack(0x00000001237d0000,0x00000001277d0000)]
  0x000000005fcd5800 JavaThread "pool-1-thread-1" [_thread_blocked, id=4448, stack(0x000000010e8c0000,0x00000001128c0000)]
  0x000000005fccf000 JavaThread "Active Reference Queue Daemon" daemon [_thread_blocked, id=4588, stack(0x00000001028c0000,0x00000001068c0000)]
  0x000000005fcd8000 JavaThread "Timer-2" daemon [_thread_blocked, id=3760, stack(0x00000000fe8c0000,0x00000001028c0000)]
  0x000000005fccb000 JavaThread "Swing-Shell" daemon [_thread_blocked, id=4648, stack(0x00000000cc000000,0x00000000d0000000)]
  0x000000005fcd7000 JavaThread "Timer-1" daemon [_thread_blocked, id=4100, stack(0x00000000c4000000,0x00000000c8000000)]
  0x000000005fcd6800 JavaThread "com.jniwrapper.NativeResourceCollector" daemon [_thread_blocked, id=4944, stack(0x00000000a8000000,0x00000000ac000000)]
  0x000000005fcd5000 JavaThread "ClipboardMonitor Timer" daemon [_thread_blocked, id=2128, stack(0x00000000d0000000,0x00000000d4000000)]
  0x000000005fcd3800 JavaThread "Explorer NavigationContext request queue" daemon [_thread_blocked, id=2496, stack(0x00000000c8000000,0x00000000cc000000)]
  0x000000005fcd2000 JavaThread "AddressBar directory emptiness poller" daemon [_thread_blocked, id=320, stack(0x00000000c0000000,0x00000000c4000000)]
  0x000000005fcd1800 JavaThread "Explorer Refresh Service 563650615" daemon [_thread_blocked, id=2644, stack(0x00000000bc000000,0x00000000c0000000)]
  0x000000005fcd0800 JavaThread "Thread-4" daemon [_thread_blocked, id=2504, stack(0x00000000b8000000,0x00000000bc000000)]
  0x000000005fcce800 JavaThread "TimerQueue" daemon [_thread_blocked, id=5100, stack(0x00000000ac000000,0x00000000b0000000)]
  0x000000005fccd000 JavaThread "Thread-3" daemon [_thread_blocked, id=4000, stack(0x00000000a4000000,0x00000000a8000000)]
  0x000000005fccc800 JavaThread "AWT-EventQueue-0" [_thread_blocked, id=4236, stack(0x0000000094000000,0x0000000098000000)]
  0x000000005fccb800 JavaThread "AWT-Shutdown" [_thread_blocked, id=3804, stack(0x000000008c000000,0x0000000090000000)]
  0x000000005fadb800 JavaThread "FelixPackageAdmin" daemon [_thread_blocked, id=820, stack(0x00000000a0000000,0x00000000a4000000)]
  0x000000005fba0000 JavaThread "FelixStartLevel" daemon [_thread_blocked, id=3660, stack(0x000000009c000000,0x00000000a0000000)]
  0x000000005f5ff000 JavaThread "FelixDispatchQueue" daemon [_thread_blocked, id=3564, stack(0x0000000098000000,0x000000009c000000)]
  0x000000005efb0800 JavaThread "com.google.common.base.internal.Finalizer" daemon [_thread_blocked, id=4908, stack(0x0000000090000000,0x0000000094000000)]
  0x000000005f5f7000 JavaThread "AWT-Windows" daemon [_thread_in_native, id=4392, stack(0x0000000088000000,0x000000008c000000)]
  0x000000005f5ad800 JavaThread "Java2D Disposer" daemon [_thread_blocked, id=312, stack(0x0000000080000000,0x0000000084000000)]
  0x000000005ea54800 JavaThread "Timer-0" [_thread_blocked, id=4680, stack(0x00000000645d0000,0x00000000685d0000)]
  0x000000005f545000 JavaThread "EventMgr Dispatcher" daemon [_thread_in_native, id=2536, stack(0x00000000605d0000,0x00000000645d0000)]
  0x000000003e6e2000 JavaThread "Low Memory Detector" daemon [_thread_blocked, id=4500, stack(0x0000000056830000,0x000000005a830000)]
  0x000000003e6df800 JavaThread "CompilerThread1" daemon [_thread_blocked, id=5004, stack(0x0000000052830000,0x0000000056830000)]
  0x000000003e6dc000 JavaThread "CompilerThread0" daemon [_thread_blocked, id=3848, stack(0x000000004e830000,0x0000000052830000)]
  0x000000003e6d7800 JavaThread "Attach Listener" daemon [_thread_blocked, id=5048, stack(0x000000004a830000,0x000000004e830000)]
  0x000000003e67d000 JavaThread "Finalizer" daemon [_thread_blocked, id=3896, stack(0x0000000046830000,0x000000004a830000)]
  0x000000003e674800 JavaThread "Reference Handler" daemon [_thread_blocked, id=4076, stack(0x0000000042830000,0x0000000046830000)]
  0x000000000718c000 JavaThread "main" [_thread_in_native, id=4900, stack(0x0000000000030000,0x0000000004030000)]

Other Threads:
  0x000000003e670800 VMThread [stack: 0x000000003e830000,0x0000000042830000] [id=4216]
  0x000000003e704000 WatcherThread [stack: 0x000000005a830000,0x000000005e830000] [id=4548]

VM state:not at safepoint (normal execution)

VM Mutex/Monitor currently owned by a thread: None

Heap
 PSYoungGen      total 14656K, used 12801K [0x0000000033530000, 0x00000000348d0000, 0x0000000036630000)
  eden space 11520K, 84% used [0x0000000033530000,0x0000000033eaea70,0x0000000034070000)
  from space 3136K, 98% used [0x00000000340b0000,0x00000000343b1a50,0x00000000343c0000)
  to   space 4288K, 0% used [0x00000000344a0000,0x00000000344a0000,0x00000000348d0000)
 PSOldGen        total 70272K, used 55920K [0x000000002a230000, 0x000000002e6d0000, 0x0000000033530000)
  object space 70272K, 79% used [0x000000002a230000,0x000000002d8cc160,0x000000002e6d0000)
 PSPermGen       total 98240K, used 79268K [0x0000000022230000, 0x0000000028220000, 0x000000002a230000)
  object space 98240K, 80% used [0x0000000022230000,0x0000000026f993e0,0x0000000028220000)

Dynamic libraries:
0x0000000140000000 - 0x0000000140028000 	C:\Program Files\MATLAB\R2013a\bin\win64\MATLAB.exe
0x00000000771a0000 - 0x0000000077321000 	C:\Windows\system32\ntdll.dll
0x0000000076fa0000 - 0x00000000770cc000 	C:\Windows\system32\kernel32.dll
0x0000000074460000 - 0x0000000074515000 	C:\Program Files\MATLAB\R2013a\bin\win64\libut.dll
0x00000000758a0000 - 0x000000007595f000 	C:\Program Files\MATLAB\R2013a\bin\win64\libmwi18n.dll
0x0000000180000000 - 0x000000018000d000 	C:\Program Files\MATLAB\R2013a\bin\win64\libmwresource_core.dll
0x0000000071cd0000 - 0x0000000071d68000 	C:\Program Files\MATLAB\R2013a\bin\win64\MSVCP100.dll
0x00000000714b0000 - 0x0000000071582000 	C:\Program Files\MATLAB\R2013a\bin\win64\MSVCR100.dll
0x0000000075310000 - 0x000000007531e000 	C:\Program Files\MATLAB\R2013a\bin\win64\boost_date_time-vc100-mt-1_49.dll
0x00000000752e0000 - 0x000000007530c000 	C:\Program Files\MATLAB\R2013a\bin\win64\boost_filesystem-vc100-mt-1_49.dll
0x0000000075320000 - 0x0000000075329000 	C:\Program Files\MATLAB\R2013a\bin\win64\boost_system-vc100-mt-1_49.dll
0x000007feff010000 - 0x000007feff118000 	C:\Windows\system32\ADVAPI32.dll
0x000007fefd990000 - 0x000007fefdad8000 	C:\Windows\system32\RPCRT4.dll
0x0000000073f20000 - 0x0000000073f45000 	C:\Program Files\MATLAB\R2013a\bin\win64\LIBEXPAT.dll
0x000000006f060000 - 0x000000006f1ea000 	C:\Program Files\MATLAB\R2013a\bin\win64\icuin49.dll
0x000000006f240000 - 0x000000006f37e000 	C:\Program Files\MATLAB\R2013a\bin\win64\icuuc49.dll
0x000000006df30000 - 0x000000006f052000 	C:\Program Files\MATLAB\R2013a\bin\win64\icudt49.dll
0x00000000752d0000 - 0x00000000752e0000 	C:\Program Files\MATLAB\R2013a\bin\win64\icuio49.dll
0x0000000073f70000 - 0x0000000074112000 	C:\Program Files\MATLAB\R2013a\bin\win64\libmwfl.dll
0x000000007a350000 - 0x000000007a737000 	C:\Program Files\MATLAB\R2013a\bin\win64\libmwMATLAB_res.dll
0x0000000071590000 - 0x000000007166f000 	C:\Program Files\MATLAB\R2013a\bin\win64\boost_regex-vc100-mt-1_49.dll
0x00000000770d0000 - 0x000000007719d000 	C:\Windows\system32\USER32.dll
0x000007feff120000 - 0x000007feff183000 	C:\Windows\system32\GDI32.dll
0x00000000752b0000 - 0x00000000752c1000 	C:\Program Files\MATLAB\R2013a\bin\win64\boost_signals-vc100-mt-1_49.dll
0x00000000734e0000 - 0x00000000734f1000 	C:\Program Files\MATLAB\R2013a\bin\win64\boost_thread-vc100-mt-1_49.dll
0x000007fefab40000 - 0x000007fefabcc000 	C:\Program Files\MATLAB\R2013a\bin\win64\boost_log-vc100-mt-1_49.dll
0x0000000077340000 - 0x0000000077349000 	C:\Windows\system32\PSAPI.DLL
0x000007feff190000 - 0x000007feff1d4000 	C:\Windows\system32\WS2_32.dll
0x000007fefd8f0000 - 0x000007fefd98c000 	C:\Windows\system32\msvcrt.dll
0x000007fefdae0000 - 0x000007fefdae7000 	C:\Windows\system32\NSI.dll
0x000007fefac20000 - 0x000007fefac53000 	C:\Program Files\MATLAB\R2013a\bin\win64\tbb.dll
0x000007fefeff0000 - 0x000007feff007000 	C:\Windows\system32\imagehlp.dll
0x000007fefc8e0000 - 0x000007fefc901000 	C:\Windows\system32\POWRPROF.dll
0x0000000004080000 - 0x00000000040a1000 	C:\Program Files\MATLAB\R2013a\bin\win64\libmwmfl_scalar.dll
0x000007fef8930000 - 0x000007fef8a43000 	C:\Windows\system32\dbghelp.dll
0x0000000004910000 - 0x0000000004c3f000 	C:\Program Files\MATLAB\R2013a\bin\win64\libmwservices.dll
0x0000000075a20000 - 0x0000000075b0b000 	C:\Program Files\MATLAB\R2013a\bin\win64\libmx.dll
0x000007fefabf0000 - 0x000007fefac18000 	C:\Program Files\MATLAB\R2013a\bin\win64\tbbmalloc.dll
0x0000000073d80000 - 0x0000000073d97000 	C:\Program Files\MATLAB\R2013a\bin\win64\zlib1.dll
0x00000000040b0000 - 0x00000000040fe000 	C:\Program Files\MATLAB\R2013a\bin\win64\libmwregexp.dll
0x0000000075f10000 - 0x0000000075f57000 	C:\Program Files\MATLAB\R2013a\bin\win64\mpath.dll
0x000000007b680000 - 0x000000007bc66000 	C:\Program Files\MATLAB\R2013a\bin\win64\mlutil.dll
0x00000000754d0000 - 0x0000000075547000 	C:\Program Files\MATLAB\R2013a\bin\win64\xmlcore.dll
0x000000006c780000 - 0x000000006c9c1000 	C:\Program Files\MATLAB\R2013a\bin\win64\xerces-c_2_7.dll
0x0000000004c40000 - 0x0000000004c62000 	C:\Program Files\MATLAB\R2013a\bin\win64\libmwMATLAB_settings_res.dll
0x000007fefac90000 - 0x000007fefaca0000 	C:\Program Files\MATLAB\R2013a\bin\win64\boost_iostreams-vc100-mt-1_49.dll
0x000007fefaaf0000 - 0x000007fefab36000 	C:\Program Files\MATLAB\R2013a\bin\win64\boost_serialization-vc100-mt-1_49.dll
0x000007fefe0c0000 - 0x000007fefed12000 	C:\Windows\system32\SHELL32.dll
0x000007fefee00000 - 0x000007fefee73000 	C:\Windows\system32\SHLWAPI.dll
0x0000000004c70000 - 0x0000000004c76000 	C:\Program Files\MATLAB\R2013a\bin\win64\libmwnativedisplay.dll
0x000007fefad60000 - 0x000007fefae00000 	C:\Windows\WinSxS\amd64_microsoft.windows.common-controls_6595b64144ccf1df_5.82.6001.18523_none_40bf29b13c26ca69\COMCTL32.dll
0x000007fefef30000 - 0x000007fefefbc000 	C:\Windows\system32\COMDLG32.dll
0x000007fefd4b0000 - 0x000007fefd553000 	C:\Windows\system32\NETAPI32.dll
0x000007feff2e0000 - 0x000007feff4b9000 	C:\Windows\system32\ole32.dll
0x000007fefed20000 - 0x000007fefedf3000 	C:\Windows\system32\OLEAUT32.dll
0x0000000074970000 - 0x0000000074a18000 	C:\Program Files\MATLAB\R2013a\bin\win64\mcr.dll
0x0000000004c80000 - 0x0000000005031000 	C:\Program Files\MATLAB\R2013a\bin\win64\iqm.dll
0x0000000074e80000 - 0x0000000074f30000 	C:\Program Files\MATLAB\R2013a\bin\win64\m_dispatcher.dll
0x0000000005040000 - 0x0000000005848000 	C:\Program Files\MATLAB\R2013a\bin\win64\m_interpreter.dll
0x0000000005850000 - 0x0000000005874000 	C:\Program Files\MATLAB\R2013a\bin\win64\libmex.dll
0x0000000075430000 - 0x00000000754ab000 	C:\Program Files\MATLAB\R2013a\bin\win64\profiler.dll
0x0000000005880000 - 0x0000000005b03000 	C:\Program Files\MATLAB\R2013a\bin\win64\libmwmathutil.dll
0x0000000079f40000 - 0x0000000079f66000 	C:\Program Files\MATLAB\R2013a\bin\win64\libmwmathrng.dll
0x0000000005b10000 - 0x0000000005b20000 	C:\Program Files\MATLAB\R2013a\bin\win64\libmwmfl_rng.dll
0x0000000074c10000 - 0x0000000074cf8000 	C:\Program Files\MATLAB\R2013a\bin\win64\libmwmathcore.dll
0x0000000076160000 - 0x00000000761c3000 	C:\Program Files\MATLAB\R2013a\bin\win64\libmwspmatrix.dll
0x000000007b0a0000 - 0x000000007b2f6000 	C:\Program Files\MATLAB\R2013a\bin\win64\mcos.dll
0x0000000075ea0000 - 0x0000000075f02000 	C:\Program Files\MATLAB\R2013a\bin\win64\libmwcholmod.dll
0x0000000005b30000 - 0x0000000005b3d000 	C:\Program Files\MATLAB\R2013a\bin\win64\libmwamd.dll
0x0000000073190000 - 0x0000000073233000 	C:\Windows\WinSxS\amd64_microsoft.vc90.crt_1fc8b3b9a1e18e3b_9.0.30729.6161_none_08e61857a83bc251\MSVCR90.dll
0x0000000005b50000 - 0x0000000005b5c000 	C:\Program Files\MATLAB\R2013a\bin\win64\libmwcolamd.dll
0x000000007a290000 - 0x000000007a2a3000 	C:\Program Files\MATLAB\R2013a\bin\win64\libmwblas.dll
0x000000007a310000 - 0x000000007a325000 	C:\Program Files\MATLAB\R2013a\bin\win64\libmwbinder.dll
0x0000000005b70000 - 0x0000000005b7b000 	C:\Program Files\MATLAB\R2013a\bin\win64\libmwompwrapper.dll
0x0000000075820000 - 0x000000007589e000 	C:\Program Files\MATLAB\R2013a\bin\win64\libmwlapack.dll
0x000000007a1b0000 - 0x000000007a1d0000 	C:\Program Files\MATLAB\R2013a\bin\win64\m_pcodeio.dll
0x0000000079b10000 - 0x0000000079b6c000 	C:\Program Files\MATLAB\R2013a\bin\win64\m_ir.dll
0x0000000078ed0000 - 0x0000000079579000 	C:\Program Files\MATLAB\R2013a\bin\win64\m_parser.dll
0x000000007a2f0000 - 0x000000007a307000 	C:\Program Files\MATLAB\R2013a\bin\win64\ir_xfmr.dll
0x0000000005b80000 - 0x0000000005b90000 	C:\Program Files\MATLAB\R2013a\bin\win64\mtok.dll
0x000000007a130000 - 0x000000007a158000 	C:\Program Files\MATLAB\R2013a\bin\win64\m_pcodegen.dll
0x0000000079fb0000 - 0x0000000079fdf000 	C:\Program Files\MATLAB\R2013a\bin\win64\libmwbridge.dll
0x0000000074f40000 - 0x0000000074ff6000 	C:\Program Files\MATLAB\R2013a\bin\win64\udd.dll
0x0000000005b90000 - 0x0000000005cde000 	C:\Program Files\MATLAB\R2013a\bin\win64\libmwgui.dll
0x000000007a1d0000 - 0x000000007a1f4000 	C:\Program Files\MATLAB\R2013a\bin\win64\graphics_util.dll
0x000007fefaa30000 - 0x000007fefaae8000 	C:\Program Files\MATLAB\R2013a\bin\win64\libtex_base.dll
0x0000000005ce0000 - 0x0000000006623000 	C:\Program Files\MATLAB\R2013a\bin\win64\hg.dll
0x0000000076100000 - 0x000000007615a000 	C:\Program Files\MATLAB\R2013a\bin\win64\libmat.dll
0x0000000072d30000 - 0x0000000072f38000 	C:\Program Files\MATLAB\R2013a\bin\win64\hdf5dll.dll
0x0000000075710000 - 0x00000000757d8000 	C:\Program Files\MATLAB\R2013a\bin\win64\jmi.dll
0x0000000006640000 - 0x000000000664e000 	C:\Program Files\MATLAB\R2013a\bin\win64\nativejava_services.dll
0x0000000006650000 - 0x0000000006690000 	C:\Program Files\MATLAB\R2013a\bin\win64\libmwhardcopy.dll
0x0000000075c70000 - 0x0000000075cce000 	C:\Program Files\MATLAB\R2013a\bin\win64\libuij.dll
0x0000000072f50000 - 0x000000007318f000 	C:\Program Files\MATLAB\R2013a\bin\win64\hgdatatypes.dll
0x0000000006690000 - 0x000000000677b000 	C:\Program Files\MATLAB\R2013a\bin\win64\hgutils.dll
0x00000000750c0000 - 0x000000007516e000 	C:\Program Files\MATLAB\R2013a\bin\win64\udd_mi.dll
0x0000000006780000 - 0x00000000067b6000 	C:\Program Files\MATLAB\R2013a\bin\win64\libmwgbtutils.dll
0x00000000067c0000 - 0x00000000067d4000 	C:\Program Files\MATLAB\R2013a\bin\win64\libmwgbt.dll
0x00000000067e0000 - 0x0000000006aae000 	C:\Program Files\MATLAB\R2013a\bin\win64\uiw.dll
0x0000000006ab0000 - 0x0000000006ab9000 	C:\Program Files\MATLAB\R2013a\bin\win64\uinone.dll
0x0000000006ac0000 - 0x0000000006ae6000 	C:\Program Files\MATLAB\R2013a\bin\win64\libmwnativefiledialogs.dll
0x0000000006af0000 - 0x0000000006afc000 	C:\Program Files\MATLAB\R2013a\bin\win64\libmwplatform_res.dll
0x000007fefd130000 - 0x000007fefd149000 	C:\Windows\system32\MPR.dll
0x000000006c220000 - 0x000000006c77d000 	C:\Program Files\MATLAB\R2013a\bin\win64\mfc100.dll
0x000007fefc8c0000 - 0x000007fefc8c7000 	C:\Windows\system32\MSIMG32.dll
0x000007fef7dd0000 - 0x000007fef7e28000 	C:\Windows\system32\WINSPOOL.DRV
0x0000000006b00000 - 0x0000000006b1d000 	C:\Program Files\MATLAB\R2013a\bin\win64\mwoles05.DLL
0x0000000006b20000 - 0x0000000006b8c000 	C:\Program Files\MATLAB\R2013a\bin\win64\comcli.dll
0x0000000073480000 - 0x00000000734ab000 	C:\Program Files\MATLAB\R2013a\bin\win64\ATL100.DLL
0x0000000006b90000 - 0x0000000006b9c000 	C:\Program Files\MATLAB\R2013a\bin\win64\mlautoregister.dll
0x0000000006ba0000 - 0x0000000006cf6000 	C:\Program Files\MATLAB\R2013a\bin\win64\mvm.dll
0x000007fefefc0000 - 0x000007fefefed000 	C:\Windows\system32\IMM32.DLL
0x000007fefdaf0000 - 0x000007fefdbf1000 	C:\Windows\system32\MSCTF.dll
0x000007fefee80000 - 0x000007fefee8d000 	C:\Windows\system32\LPK.DLL
0x000007fefee90000 - 0x000007fefef2a000 	C:\Windows\system32\USP10.dll
0x000007fefbf00000 - 0x000007fefc0f9000 	C:\Windows\WinSxS\amd64_microsoft.windows.common-controls_6595b64144ccf1df_6.0.6001.18523_none_15302f0af3bbd1ec\comctl32.dll
0x000007fefc410000 - 0x000007fefc461000 	C:\Windows\system32\UxTheme.dll
0x000007fef8690000 - 0x000007fef86a1000 	C:\Windows\system32\dwmapi.dll
0x0000000073f10000 - 0x0000000073f1d000 	C:\Program Files\MATLAB\R2013a\bin\win64\MFC100ENU.DLL
0x0000000007070000 - 0x00000000070be000 	C:\Program Files\MATLAB\R2013a\bin\win64\MVMLocal.dll
0x0000000006d90000 - 0x0000000006d9d000 	C:\Program Files\MATLAB\R2013a\bin\win64\xmlxrcsc.dll
0x0000000078870000 - 0x0000000078ecd000 	C:\Program Files\MATLAB\R2013a\sys\java\jre\win64\jre\bin\server\jvm.dll
0x000007fefb9b0000 - 0x000007fefb9e9000 	C:\Windows\system32\WINMM.dll
0x000007fefb960000 - 0x000007fefb9af000 	C:\Windows\system32\OLEACC.dll
0x000007fefb780000 - 0x000007fefb793000 	C:\Windows\system32\NLAapi.dll
0x000007fefcf10000 - 0x000007fefcf33000 	C:\Windows\system32\IPHLPAPI.DLL
0x000007fefcec0000 - 0x000007fefcf05000 	C:\Windows\system32\dhcpcsvc.DLL
0x000007fefd1e0000 - 0x000007fefd21a000 	C:\Windows\system32\DNSAPI.dll

VM Arguments:
jvm_args: -XX:PermSize=32m -Xms64m -XX:NewRatio=3 -XX:MaxPermSize=128m -Xmx196m -XX:MaxDirectMemorySize=2147400000 -Dsun.java2d.noddraw=true -Dsun.awt.nopixfmt=true -Xshare:off -Xrs -Dsun.awt.disableMixing=true -Djava.library.path=C:\Program Files\MATLAB\R2013a\bin\win64;C:\Program Files\MATLAB\R2013a\sys\jxbrowser\win64\lib vfprintf abort 
java_command: <unknown>
Launcher Type: generic

Environment Variables:
PATH=C:\Windows\system32;C:\Windows;C:\Windows\System32\Wbem;C:\Program Files (x86)\Common Files\Roxio Shared\10.0\DLLShared\;c:\Program Files (x86)\Microsoft SQL Server\100\Tools\Binn\;c:\Program Files\Microsoft SQL Server\100\Tools\Binn\;c:\Program Files\Microsoft SQL Server\100\DTS\Binn\;C:\SynaptiCAD/bin;C:\SynaptiCAD;C:\Program Files\MATLAB\R2013a\runtime\win64;C:\Program Files\MATLAB\R2013a\bin;C:\Program Files\Microsoft Windows Performance Toolkit\;C:\Program Files\MATLAB\R2013a\bin\win64
USERNAME=Sunil
OS=Windows_NT
PROCESSOR_IDENTIFIER=Intel64 Family 6 Model 23 Stepping 10, GenuineIntel



---------------  S Y S T E M  ---------------

OS: Windows Vista Build 6001 Service Pack 1

CPU:total 2 (2 cores per cpu, 1 threads per core) family 6 model 23 stepping 10, cmov, cx8, fxsr, mmx, sse, sse2, sse3, ssse3, sse4.1

Memory: 4k page, physical 4151240k(1163100k free), swap 11232492k(7214104k free)

vm_info: Java HotSpot(TM) 64-Bit Server VM (14.3-b01) for windows-amd64 JRE (1.6.0_17-b04), built on Oct 11 2009 00:46:08 by "java_re" with MS VC++ 8.0

time: Sat Mar 28 14:08:33 2015
elapsed time: 11363 seconds

